Determining if the pthread_create exist failed with the following output:
Change Dir: /home/arl1/catkin_ws/build/CMakeFiles/CMakeTmp

Run Build Command:"/usr/bin/make" "cmTC_ba3b9/fast"
/usr/bin/make -f CMakeFiles/cmTC_ba3b9.dir/build.make CMakeFiles/cmTC_ba3b9.dir/build
make[1]: Entering directory '/home/arl1/catkin_ws/build/CMakeFiles/CMakeTmp'
Building C object CMakeFiles/cmTC_ba3b9.dir/CheckSymbolExists.c.o
/usr/bin/cc     -o CMakeFiles/cmTC_ba3b9.dir/CheckSymbolExists.c.o   -c /home/arl1/catkin_ws/build/CMakeFiles/CMakeTmp/CheckSymbolExists.c
Linking C executable cmTC_ba3b9
/usr/bin/cmake -E cmake_link_script CMakeFiles/cmTC_ba3b9.dir/link.txt --verbose=1
/usr/bin/cc       CMakeFiles/cmTC_ba3b9.dir/CheckSymbolExists.c.o  -o cmTC_ba3b9 -rdynamic 
CMakeFiles/cmTC_ba3b9.dir/CheckSymbolExists.c.o: In function `main':
CheckSymbolExists.c:(.text+0x16): undefined reference to `pthread_create'
collect2: error: ld returned 1 exit status
CMakeFiles/cmTC_ba3b9.dir/build.make:97: recipe for target 'cmTC_ba3b9' failed
make[1]: *** [cmTC_ba3b9] Error 1
make[1]: Leaving directory '/home/arl1/catkin_ws/build/CMakeFiles/CMakeTmp'
Makefile:126: recipe for target 'cmTC_ba3b9/fast' failed
make: *** [cmTC_ba3b9/fast] Error 2

File /home/arl1/catkin_ws/build/CMakeFiles/CMakeTmp/CheckSymbolExists.c:
/* */
#include <pthread.h>

int main(int argc, char** argv)
{
  (void)argv;
#ifndef pthread_create
  return ((int*)(&pthread_create))[argc];
#else
  (void)argc;
  return 0;
#endif
}

Determining if the function pthread_create exists in the pthreads failed with the following output:
Change Dir: /home/arl1/catkin_ws/build/CMakeFiles/CMakeTmp

Run Build Command:"/usr/bin/make" "cmTC_7694c/fast"
/usr/bin/make -f CMakeFiles/cmTC_7694c.dir/build.make CMakeFiles/cmTC_7694c.dir/build
make[1]: Entering directory '/home/arl1/catkin_ws/build/CMakeFiles/CMakeTmp'
Building C object CMakeFiles/cmTC_7694c.dir/CheckFunctionExists.c.o
/usr/bin/cc    -DCHECK_FUNCTION_EXISTS=pthread_create   -o CMakeFiles/cmTC_7694c.dir/CheckFunctionExists.c.o   -c /usr/share/cmake-3.5/Modules/CheckFunctionExists.c
Linking C executable cmTC_7694c
/usr/bin/cmake -E cmake_link_script CMakeFiles/cmTC_7694c.dir/link.txt --verbose=1
/usr/bin/cc   -DCHECK_FUNCTION_EXISTS=pthread_create    CMakeFiles/cmTC_7694c.dir/CheckFunctionExists.c.o  -o cmTC_7694c -rdynamic -lpthreads 
/usr/bin/ld: cannot find -lpthreads
collect2: error: ld returned 1 exit status
CMakeFiles/cmTC_7694c.dir/build.make:97: recipe for target 'cmTC_7694c' failed
make[1]: *** [cmTC_7694c] Error 1
make[1]: Leaving directory '/home/arl1/catkin_ws/build/CMakeFiles/CMakeTmp'
Makefile:126: recipe for target 'cmTC_7694c/fast' failed
make: *** [cmTC_7694c/fast] Error 2


